build/app/intermediates/manifest_merge_blame_file/debug/manifest-merger-blame-debug-report.txt
1<?xml version="1.0" encoding="utf-8"?>
2<manifest xmlns:android="http://schemas.android.com/apk/res/android"
3    package="com.example.medi_mate"
4    android:versionCode="1"
5    android:versionName="1.0.0" >
6
7    <uses-sdk
8        android:minSdkVersion="21"
9        android:targetSdkVersion="29" />
10    <!--
11         Flutter needs it to communicate with the running application
12         to allow setting breakpoints, to provide hot reload, etc.
13    -->
14    <uses-permission android:name="android.permission.INTERNET" />
14-->src\debug\AndroidManifest.xml:6:5-66
14-->src\debug\AndroidManifest.xml:6:22-64
15    <!--
16     io.flutter.app.FlutterApplication is an android.app.Application that
17         calls FlutterMain.startInitialization(this); in its onCreate method.
18         In most cases you can leave this as-is, but you if you want to provide
19         additional functionality it is fine to subclass or reimplement
20         FlutterApplication and put your custom class here.
21    -->
22    <uses-permission android:name="android.permission.RECEIVE_BOOT_COMPLETED" />
22-->src\main\AndroidManifest.xml:8:5-80
22-->src\main\AndroidManifest.xml:8:22-78
23    <uses-permission android:name="android.permission.WAKE_LOCK" />
23-->src\main\AndroidManifest.xml:9:5-67
23-->src\main\AndroidManifest.xml:9:22-65
24    <uses-permission android:name="android.permission.SEND_SMS" />
24-->src\main\AndroidManifest.xml:10:5-67
24-->src\main\AndroidManifest.xml:10:22-64
25    <uses-permission android:name="android.permission.READ_EXTERNAL_STORAGE" />
25-->[:image_picker] AndroidManifest.xml:7:5-80
25-->[:image_picker] AndroidManifest.xml:7:22-77
26    <uses-permission android:name="android.permission.WRITE_EXTERNAL_STORAGE" />
26-->[:image_picker] AndroidManifest.xml:8:5-81
26-->[:image_picker] AndroidManifest.xml:8:22-78
27    <uses-permission android:name="android.permission.VIBRATE" />
27-->[:flutter_local_notifications] AndroidManifest.xml:8:5-66
27-->[:flutter_local_notifications] AndroidManifest.xml:8:22-63
28    <uses-permission android:name="android.permission.USE_FULL_SCREEN_INTENT" />
28-->[:flutter_local_notifications] AndroidManifest.xml:9:5-81
28-->[:flutter_local_notifications] AndroidManifest.xml:9:22-78
29    <uses-permission android:name="android.permission.ACCESS_NETWORK_STATE" />
29-->[com.google.firebase:firebase-auth:20.0.1] AndroidManifest.xml:24:5-79
29-->[com.google.firebase:firebase-auth:20.0.1] AndroidManifest.xml:24:22-76
30
31    <application
31-->src\main\AndroidManifest.xml:12:5-66:19
32        android:name="com.example.medi_mate.Application"
32-->src\main\AndroidManifest.xml:13:9-36
33        android:appComponentFactory="androidx.core.app.CoreComponentFactory"
33-->[androidx.core:core:1.3.0] AndroidManifest.xml:24:18-86
34        android:debuggable="true"
35        android:icon="@mipmap/ic_launcher"
35-->src\main\AndroidManifest.xml:15:9-43
36        android:label="medi_mate" >
36-->src\main\AndroidManifest.xml:14:9-34
37        <service
37-->src\main\AndroidManifest.xml:16:9-19:39
38            android:name="io.flutter.plugins.androidalarmmanager.AlarmService"
38-->src\main\AndroidManifest.xml:17:13-79
39            android:exported="false"
39-->src\main\AndroidManifest.xml:19:13-37
40            android:permission="android.permission.BIND_JOB_SERVICE" />
40-->src\main\AndroidManifest.xml:18:13-69
41
42        <receiver
42-->src\main\AndroidManifest.xml:20:9-22:39
43            android:name="io.flutter.plugins.androidalarmmanager.AlarmBroadcastReceiver"
43-->src\main\AndroidManifest.xml:21:13-89
44            android:exported="false" />
44-->src\main\AndroidManifest.xml:22:13-37
45        <receiver
45-->src\main\AndroidManifest.xml:23:9-29:20
46            android:name="io.flutter.plugins.androidalarmmanager.RebootBroadcastReceiver"
46-->src\main\AndroidManifest.xml:24:13-90
47            android:enabled="false" >
47-->src\main\AndroidManifest.xml:25:13-36
48            <intent-filter>
48-->src\main\AndroidManifest.xml:26:13-28:29
49                <action android:name="android.intent.action.BOOT_COMPLETED" />
49-->src\main\AndroidManifest.xml:27:17-78
49-->src\main\AndroidManifest.xml:27:25-76
50            </intent-filter>
51        </receiver>
52
53        <activity
53-->src\main\AndroidManifest.xml:32:9-60:20
54            android:name="com.example.medi_mate.MainActivity"
54-->src\main\AndroidManifest.xml:33:13-41
55            android:configChanges="orientation|keyboardHidden|keyboard|screenSize|smallestScreenSize|locale|layoutDirection|fontScale|screenLayout|density|uiMode"
55-->src\main\AndroidManifest.xml:36:13-163
56            android:hardwareAccelerated="true"
56-->src\main\AndroidManifest.xml:37:13-47
57            android:launchMode="singleTop"
57-->src\main\AndroidManifest.xml:34:13-43
58            android:theme="@style/LaunchTheme"
58-->src\main\AndroidManifest.xml:35:13-47
59            android:windowSoftInputMode="adjustResize" >
59-->src\main\AndroidManifest.xml:38:13-55
60
61            <!--
62                 Specifies an Android theme to apply to this Activity as soon as
63                 the Android process has started. This theme is visible to the user
64                 while the Flutter UI initializes. After that, this theme continues
65                 to determine the Window background behind the Flutter UI.
66            -->
67            <meta-data
67-->src\main\AndroidManifest.xml:43:13-46:17
68                android:name="io.flutter.embedding.android.NormalTheme"
68-->src\main\AndroidManifest.xml:44:15-70
69                android:resource="@style/NormalTheme" />
69-->src\main\AndroidManifest.xml:45:15-52
70            <!--
71                 Displays an Android View that continues showing the launch screen
72                 Drawable until Flutter paints its first frame, then this splash
73                 screen fades out. A splash screen is useful to avoid any visual
74                 gap between the end of Android's launch screen and the painting of
75                 Flutter's first frame.
76            -->
77            <meta-data
77-->src\main\AndroidManifest.xml:52:13-55:17
78                android:name="io.flutter.embedding.android.SplashScreenDrawable"
78-->src\main\AndroidManifest.xml:53:15-79
79                android:resource="@drawable/launch_background" />
79-->src\main\AndroidManifest.xml:54:15-61
80
81            <intent-filter>
81-->src\main\AndroidManifest.xml:56:13-59:29
82                <action android:name="android.intent.action.MAIN" />
82-->src\main\AndroidManifest.xml:57:17-68
82-->src\main\AndroidManifest.xml:57:25-66
83
84                <category android:name="android.intent.category.LAUNCHER" />
84-->src\main\AndroidManifest.xml:58:17-76
84-->src\main\AndroidManifest.xml:58:27-74
85            </intent-filter>
86        </activity>
87        <!--
88             Don't delete the meta-data below.
89             This is used by the Flutter tool to generate GeneratedPluginRegistrant.java
90        -->
91        <meta-data
91-->src\main\AndroidManifest.xml:63:9-65:33
92            android:name="flutterEmbedding"
92-->src\main\AndroidManifest.xml:64:13-44
93            android:value="2" />
93-->src\main\AndroidManifest.xml:65:13-30
94
95        <provider
95-->[:image_picker] AndroidManifest.xml:11:9-19:20
96            android:name="io.flutter.plugins.imagepicker.ImagePickerFileProvider"
96-->[:image_picker] AndroidManifest.xml:12:13-82
97            android:authorities="com.example.medi_mate.flutter.image_provider"
97-->[:image_picker] AndroidManifest.xml:13:13-74
98            android:exported="false"
98-->[:image_picker] AndroidManifest.xml:14:13-37
99            android:grantUriPermissions="true" >
99-->[:image_picker] AndroidManifest.xml:15:13-47
100            <meta-data
100-->[:image_picker] AndroidManifest.xml:16:13-18:75
101                android:name="android.support.FILE_PROVIDER_PATHS"
101-->[:image_picker] AndroidManifest.xml:17:17-67
102                android:resource="@xml/flutter_image_picker_file_paths" />
102-->[:image_picker] AndroidManifest.xml:18:17-72
103        </provider>
104
105        <receiver android:name="com.dexterous.flutterlocalnotifications.ScheduledNotificationReceiver" />
105-->[:flutter_local_notifications] AndroidManifest.xml:12:9-106
105-->[:flutter_local_notifications] AndroidManifest.xml:12:19-103
106        <receiver android:name="com.dexterous.flutterlocalnotifications.ScheduledNotificationBootReceiver" >
106-->[:flutter_local_notifications] AndroidManifest.xml:13:9-20:20
106-->[:flutter_local_notifications] AndroidManifest.xml:13:19-107
107            <intent-filter>
107-->[:flutter_local_notifications] AndroidManifest.xml:14:13-19:29
108                <action android:name="android.intent.action.BOOT_COMPLETED" />
108-->src\main\AndroidManifest.xml:27:17-78
108-->src\main\AndroidManifest.xml:27:25-76
109                <action android:name="android.intent.action.MY_PACKAGE_REPLACED" />
109-->[:flutter_local_notifications] AndroidManifest.xml:16:17-84
109-->[:flutter_local_notifications] AndroidManifest.xml:16:25-81
110                <action android:name="android.intent.action.QUICKBOOT_POWERON" />
110-->[:flutter_local_notifications] AndroidManifest.xml:17:17-82
110-->[:flutter_local_notifications] AndroidManifest.xml:17:25-79
111                <action android:name="com.htc.intent.action.QUICKBOOT_POWERON" />
111-->[:flutter_local_notifications] AndroidManifest.xml:18:17-82
111-->[:flutter_local_notifications] AndroidManifest.xml:18:25-79
112            </intent-filter>
113        </receiver>
114
115        <service
115-->[:cloud_firestore] AndroidManifest.xml:8:9-12:19
116            android:name="com.google.firebase.components.ComponentDiscoveryService"
116-->[:cloud_firestore] AndroidManifest.xml:8:18-89
117            android:directBootAware="true"
117-->[com.google.firebase:firebase-common:19.4.0] AndroidManifest.xml:35:13-43
118            android:exported="false" >
118-->[com.google.firebase:firebase-database-ktx:19.5.1] AndroidManifest.xml:14:13-37
119            <meta-data
119-->[:cloud_firestore] AndroidManifest.xml:9:13-11:85
120                android:name="com.google.firebase.components:io.flutter.plugins.firebase.cloudfirestore.FlutterFirebaseAppRegistrar"
120-->[:cloud_firestore] AndroidManifest.xml:10:17-133
121                android:value="com.google.firebase.components.ComponentRegistrar" />
121-->[:cloud_firestore] AndroidManifest.xml:11:17-82
122            <meta-data
122-->[:firebase_database] AndroidManifest.xml:9:13-11:85
123                android:name="com.google.firebase.components:io.flutter.plugins.firebase.database.FlutterFirebaseAppRegistrar"
123-->[:firebase_database] AndroidManifest.xml:10:17-127
124                android:value="com.google.firebase.components.ComponentRegistrar" />
124-->[:firebase_database] AndroidManifest.xml:11:17-82
125            <meta-data
125-->[:firebase_auth] AndroidManifest.xml:9:13-11:85
126                android:name="com.google.firebase.components:io.flutter.plugins.firebaseauth.FlutterFirebaseAppRegistrar"
126-->[:firebase_auth] AndroidManifest.xml:10:17-122
127                android:value="com.google.firebase.components.ComponentRegistrar" />
127-->[:firebase_auth] AndroidManifest.xml:11:17-82
128            <meta-data
128-->[:firebase_core] AndroidManifest.xml:9:13-11:85
129                android:name="com.google.firebase.components:io.flutter.plugins.firebase.core.FlutterFirebaseAppRegistrar"
129-->[:firebase_core] AndroidManifest.xml:10:17-123
130                android:value="com.google.firebase.components.ComponentRegistrar" />
130-->[:firebase_core] AndroidManifest.xml:11:17-82
131            <meta-data
131-->[com.google.firebase:firebase-database-ktx:19.5.1] AndroidManifest.xml:15:13-17:85
132                android:name="com.google.firebase.components:com.google.firebase.database.ktx.FirebaseDatabaseKtxRegistrar"
132-->[com.google.firebase:firebase-database-ktx:19.5.1] AndroidManifest.xml:16:17-124
133                android:value="com.google.firebase.components.ComponentRegistrar" />
133-->[com.google.firebase:firebase-database-ktx:19.5.1] AndroidManifest.xml:17:17-82
134            <meta-data
134-->[com.google.firebase:firebase-common-ktx:19.4.0] AndroidManifest.xml:15:13-17:85
135                android:name="com.google.firebase.components:com.google.firebase.ktx.FirebaseCommonKtxRegistrar"
135-->[com.google.firebase:firebase-common-ktx:19.4.0] AndroidManifest.xml:16:17-113
136                android:value="com.google.firebase.components.ComponentRegistrar" />
136-->[com.google.firebase:firebase-common-ktx:19.4.0] AndroidManifest.xml:17:17-82
137            <meta-data
137-->[com.google.firebase:firebase-auth:20.0.1] AndroidManifest.xml:77:13-79:85
138                android:name="com.google.firebase.components:com.google.firebase.auth.FirebaseAuthRegistrar"
138-->[com.google.firebase:firebase-auth:20.0.1] AndroidManifest.xml:78:17-109
139                android:value="com.google.firebase.components.ComponentRegistrar" />
139-->[com.google.firebase:firebase-auth:20.0.1] AndroidManifest.xml:79:17-82
140            <meta-data
140-->[com.google.firebase:firebase-firestore:22.0.0] AndroidManifest.xml:20:13-22:85
141                android:name="com.google.firebase.components:com.google.firebase.firestore.FirestoreRegistrar"
141-->[com.google.firebase:firebase-firestore:22.0.0] AndroidManifest.xml:21:17-111
142                android:value="com.google.firebase.components.ComponentRegistrar" />
142-->[com.google.firebase:firebase-firestore:22.0.0] AndroidManifest.xml:22:17-82
143            <meta-data
143-->[com.google.firebase:firebase-database:19.5.1] AndroidManifest.xml:32:13-34:85
144                android:name="com.google.firebase.components:com.google.firebase.database.DatabaseRegistrar"
144-->[com.google.firebase:firebase-database:19.5.1] AndroidManifest.xml:33:17-109
145                android:value="com.google.firebase.components.ComponentRegistrar" />
145-->[com.google.firebase:firebase-database:19.5.1] AndroidManifest.xml:34:17-82
146        </service>
147
148        <activity
148-->[com.google.firebase:firebase-auth:20.0.1] AndroidManifest.xml:27:9-44:20
149            android:name="com.google.firebase.auth.internal.GenericIdpActivity"
149-->[com.google.firebase:firebase-auth:20.0.1] AndroidManifest.xml:28:13-80
150            android:excludeFromRecents="true"
150-->[com.google.firebase:firebase-auth:20.0.1] AndroidManifest.xml:29:13-46
151            android:exported="true"
151-->[com.google.firebase:firebase-auth:20.0.1] AndroidManifest.xml:30:13-36
152            android:launchMode="singleTask"
152-->[com.google.firebase:firebase-auth:20.0.1] AndroidManifest.xml:31:13-44
153            android:theme="@android:style/Theme.Translucent.NoTitleBar" >
153-->[com.google.firebase:firebase-auth:20.0.1] AndroidManifest.xml:32:13-72
154            <intent-filter>
154-->[com.google.firebase:firebase-auth:20.0.1] AndroidManifest.xml:33:13-43:29
155                <action android:name="android.intent.action.VIEW" />
155-->[com.google.firebase:firebase-auth:20.0.1] AndroidManifest.xml:34:17-69
155-->[com.google.firebase:firebase-auth:20.0.1] AndroidManifest.xml:34:25-66
156
157                <category android:name="android.intent.category.DEFAULT" />
157-->[com.google.firebase:firebase-auth:20.0.1] AndroidManifest.xml:36:17-76
157-->[com.google.firebase:firebase-auth:20.0.1] AndroidManifest.xml:36:27-73
158                <category android:name="android.intent.category.BROWSABLE" />
158-->[com.google.firebase:firebase-auth:20.0.1] AndroidManifest.xml:37:17-78
158-->[com.google.firebase:firebase-auth:20.0.1] AndroidManifest.xml:37:27-75
159
160                <data
160-->[com.google.firebase:firebase-auth:20.0.1] AndroidManifest.xml:39:17-42:51
161                    android:host="firebase.auth"
161-->[com.google.firebase:firebase-auth:20.0.1] AndroidManifest.xml:40:21-49
162                    android:path="/"
162-->[com.google.firebase:firebase-auth:20.0.1] AndroidManifest.xml:41:21-37
163                    android:scheme="genericidp" />
163-->[com.google.firebase:firebase-auth:20.0.1] AndroidManifest.xml:42:21-48
164            </intent-filter>
165        </activity>
166        <activity
166-->[com.google.firebase:firebase-auth:20.0.1] AndroidManifest.xml:45:9-62:20
167            android:name="com.google.firebase.auth.internal.RecaptchaActivity"
167-->[com.google.firebase:firebase-auth:20.0.1] AndroidManifest.xml:46:13-79
168            android:excludeFromRecents="true"
168-->[com.google.firebase:firebase-auth:20.0.1] AndroidManifest.xml:47:13-46
169            android:exported="true"
169-->[com.google.firebase:firebase-auth:20.0.1] AndroidManifest.xml:48:13-36
170            android:launchMode="singleTask"
170-->[com.google.firebase:firebase-auth:20.0.1] AndroidManifest.xml:49:13-44
171            android:theme="@android:style/Theme.Translucent.NoTitleBar" >
171-->[com.google.firebase:firebase-auth:20.0.1] AndroidManifest.xml:50:13-72
172            <intent-filter>
172-->[com.google.firebase:firebase-auth:20.0.1] AndroidManifest.xml:51:13-61:29
173                <action android:name="android.intent.action.VIEW" />
173-->[com.google.firebase:firebase-auth:20.0.1] AndroidManifest.xml:34:17-69
173-->[com.google.firebase:firebase-auth:20.0.1] AndroidManifest.xml:34:25-66
174
175                <category android:name="android.intent.category.DEFAULT" />
175-->[com.google.firebase:firebase-auth:20.0.1] AndroidManifest.xml:36:17-76
175-->[com.google.firebase:firebase-auth:20.0.1] AndroidManifest.xml:36:27-73
176                <category android:name="android.intent.category.BROWSABLE" />
176-->[com.google.firebase:firebase-auth:20.0.1] AndroidManifest.xml:37:17-78
176-->[com.google.firebase:firebase-auth:20.0.1] AndroidManifest.xml:37:27-75
177
178                <data
178-->[com.google.firebase:firebase-auth:20.0.1] AndroidManifest.xml:39:17-42:51
179                    android:host="firebase.auth"
179-->[com.google.firebase:firebase-auth:20.0.1] AndroidManifest.xml:40:21-49
180                    android:path="/"
180-->[com.google.firebase:firebase-auth:20.0.1] AndroidManifest.xml:41:21-37
181                    android:scheme="recaptcha" />
181-->[com.google.firebase:firebase-auth:20.0.1] AndroidManifest.xml:42:21-48
182            </intent-filter>
183        </activity>
184
185        <service
185-->[com.google.firebase:firebase-auth:20.0.1] AndroidManifest.xml:64:9-73:19
186            android:name="com.google.firebase.auth.api.fallback.service.FirebaseAuthFallbackService"
186-->[com.google.firebase:firebase-auth:20.0.1] AndroidManifest.xml:65:13-101
187            android:enabled="true"
187-->[com.google.firebase:firebase-auth:20.0.1] AndroidManifest.xml:66:13-35
188            android:exported="false" >
188-->[com.google.firebase:firebase-auth:20.0.1] AndroidManifest.xml:67:13-37
189            <intent-filter>
189-->[com.google.firebase:firebase-auth:20.0.1] AndroidManifest.xml:68:13-72:29
190                <action android:name="com.google.firebase.auth.api.gms.service.START" />
190-->[com.google.firebase:firebase-auth:20.0.1] AndroidManifest.xml:69:17-89
190-->[com.google.firebase:firebase-auth:20.0.1] AndroidManifest.xml:69:25-86
191
192                <category android:name="android.intent.category.DEFAULT" />
192-->[com.google.firebase:firebase-auth:20.0.1] AndroidManifest.xml:36:17-76
192-->[com.google.firebase:firebase-auth:20.0.1] AndroidManifest.xml:36:27-73
193            </intent-filter>
194        </service>
195
196        <activity
196-->[com.google.android.gms:play-services-base:17.1.0] AndroidManifest.xml:23:9-26:75
197            android:name="com.google.android.gms.common.api.GoogleApiActivity"
197-->[com.google.android.gms:play-services-base:17.1.0] AndroidManifest.xml:24:13-79
198            android:exported="false"
198-->[com.google.android.gms:play-services-base:17.1.0] AndroidManifest.xml:25:13-37
199            android:theme="@android:style/Theme.Translucent.NoTitleBar" />
199-->[com.google.android.gms:play-services-base:17.1.0] AndroidManifest.xml:26:13-72
200
201        <provider
201-->[com.google.firebase:firebase-common:19.4.0] AndroidManifest.xml:26:9-31:39
202            android:name="com.google.firebase.provider.FirebaseInitProvider"
202-->[com.google.firebase:firebase-common:19.4.0] AndroidManifest.xml:27:13-77
203            android:authorities="com.example.medi_mate.firebaseinitprovider"
203-->[com.google.firebase:firebase-common:19.4.0] AndroidManifest.xml:28:13-72
204            android:directBootAware="true"
204-->[com.google.firebase:firebase-common:19.4.0] AndroidManifest.xml:29:13-43
205            android:exported="false"
205-->[com.google.firebase:firebase-common:19.4.0] AndroidManifest.xml:30:13-37
206            android:initOrder="100" />
206-->[com.google.firebase:firebase-common:19.4.0] AndroidManifest.xml:31:13-36
207
208        <meta-data
208-->[com.google.android.gms:play-services-basement:17.1.0] AndroidManifest.xml:23:9-25:69
209            android:name="com.google.android.gms.version"
209-->[com.google.android.gms:play-services-basement:17.1.0] AndroidManifest.xml:24:13-58
210            android:value="@integer/google_play_services_version" />
210-->[com.google.android.gms:play-services-basement:17.1.0] AndroidManifest.xml:25:13-66
211    </application>
212
213</manifest>